###############################################################
#  Generated by:      Cadence Innovus 23.14-s088_1
#  OS:                Linux x86_64(Host ID raindrop)
#  Generated on:      Sun Feb 15 06:07:49 2026
#  Design:            systolic_top
#  Command:           verify_drc > innovus_verify_drc.rep
###############################################################
#set_verify_drc_mode -check_only default -disable_rules "" -exclude_pg_net false

Geometric: ( Rect Only ) Special Wire of Net VDD  ( M3 )
Bounds : ( 175.060, 186.964 ) ( 175.132, 187.000 )


Geometric: ( Rect Only ) Special Wire of Net VSS  ( M3 )
Bounds : ( 176.356, 189.524 ) ( 176.428, 189.560 )


Geometric: ( Rect Only ) Special Wire of Net VSS  ( M3 )
Bounds : ( 177.292, 189.524 ) ( 177.364, 189.560 )


WIDTH: ( WidthTable ) Special Wire of Net VDD  ( M4 )
Bounds : ( 174.808, 186.964 ) ( 176.188, 189.140 )


WIDTH: ( WidthTable ) Special Wire of Net VSS  ( M4 )
Bounds : ( 176.104, 189.524 ) ( 177.616, 191.700 )


Geometric: ( Rect Only ) Special Wire of Net VDD  ( M3 )
Bounds : ( 149.140, 186.964 ) ( 149.212, 187.000 )


Geometric: ( Rect Only ) Special Wire of Net VSS  ( M3 )
Bounds : ( 150.436, 189.524 ) ( 150.508, 189.560 )


Geometric: ( Rect Only ) Special Wire of Net VSS  ( M3 )
Bounds : ( 151.372, 189.524 ) ( 151.444, 189.560 )


Geometric: ( Rect Only ) Special Wire of Net VDD  ( M3 )
Bounds : ( 162.136, 186.928 ) ( 162.172, 187.000 )


Geometric: ( Rect Only ) Special Wire of Net VSS  ( M3 )
Bounds : ( 163.396, 189.524 ) ( 163.468, 189.560 )


Geometric: ( Rect Only ) Special Wire of Net VSS  ( M3 )
Bounds : ( 164.332, 189.524 ) ( 164.404, 189.560 )


WIDTH: ( WidthTable ) Special Wire of Net VDD  ( M4 )
Bounds : ( 148.888, 186.964 ) ( 150.268, 189.140 )


WIDTH: ( WidthTable ) Special Wire of Net VSS  ( M4 )
Bounds : ( 150.184, 189.524 ) ( 151.696, 191.700 )


WIDTH: ( WidthTable ) Special Wire of Net VDD  ( M4 )
Bounds : ( 161.848, 186.964 ) ( 163.228, 189.140 )


WIDTH: ( WidthTable ) Special Wire of Net VSS  ( M4 )
Bounds : ( 163.144, 189.524 ) ( 164.656, 191.700 )


Geometric: ( Rect Only ) Special Wire of Net VDD  ( M3 )
Bounds : ( 97.300, 186.964 ) ( 97.372, 187.000 )


Geometric: ( Rect Only ) Special Wire of Net VSS  ( M3 )
Bounds : ( 98.596, 189.524 ) ( 98.668, 189.560 )


Geometric: ( Rect Only ) Special Wire of Net VSS  ( M3 )
Bounds : ( 99.532, 189.524 ) ( 99.604, 189.560 )


Geometric: ( Rect Only ) Special Wire of Net VDD  ( M3 )
Bounds : ( 110.260, 186.964 ) ( 110.332, 187.000 )


Geometric: ( Rect Only ) Special Wire of Net VSS  ( M3 )
Bounds : ( 111.556, 189.524 ) ( 111.628, 189.560 )


Geometric: ( Rect Only ) Special Wire of Net VSS  ( M3 )
Bounds : ( 112.492, 189.524 ) ( 112.564, 189.560 )


Geometric: ( Rect Only ) Special Wire of Net VDD  ( M3 )
Bounds : ( 123.220, 186.964 ) ( 123.292, 187.000 )


Geometric: ( Rect Only ) Special Wire of Net VSS  ( M3 )
Bounds : ( 124.516, 189.524 ) ( 124.588, 189.560 )


Geometric: ( Rect Only ) Special Wire of Net VSS  ( M3 )
Bounds : ( 125.452, 189.524 ) ( 125.524, 189.560 )


Geometric: ( Rect Only ) Special Wire of Net VDD  ( M3 )
Bounds : ( 136.180, 186.964 ) ( 136.252, 187.000 )


Geometric: ( Rect Only ) Special Wire of Net VSS  ( M3 )
Bounds : ( 137.476, 189.524 ) ( 137.548, 189.560 )


Geometric: ( Rect Only ) Special Wire of Net VSS  ( M3 )
Bounds : ( 138.412, 189.524 ) ( 138.484, 189.560 )


WIDTH: ( WidthTable ) Special Wire of Net VDD  ( M4 )
Bounds : ( 97.048, 186.964 ) ( 98.428, 189.140 )


WIDTH: ( WidthTable ) Special Wire of Net VSS  ( M4 )
Bounds : ( 98.344, 189.524 ) ( 99.856, 191.700 )


WIDTH: ( WidthTable ) Special Wire of Net VDD  ( M4 )
Bounds : ( 110.008, 186.964 ) ( 111.388, 189.140 )


WIDTH: ( WidthTable ) Special Wire of Net VSS  ( M4 )
Bounds : ( 111.304, 189.524 ) ( 112.816, 191.700 )


WIDTH: ( WidthTable ) Special Wire of Net VDD  ( M4 )
Bounds : ( 122.968, 186.964 ) ( 124.348, 189.140 )


WIDTH: ( WidthTable ) Special Wire of Net VSS  ( M4 )
Bounds : ( 124.264, 189.524 ) ( 125.776, 191.700 )


WIDTH: ( WidthTable ) Special Wire of Net VDD  ( M4 )
Bounds : ( 135.928, 186.964 ) ( 137.308, 189.140 )


WIDTH: ( WidthTable ) Special Wire of Net VSS  ( M4 )
Bounds : ( 137.224, 189.524 ) ( 138.736, 191.700 )


Geometric: ( Rect Only ) Special Wire of Net VDD  ( M3 )
Bounds : ( 58.420, 186.964 ) ( 58.492, 187.000 )


Geometric: ( Rect Only ) Special Wire of Net VSS  ( M3 )
Bounds : ( 59.716, 189.524 ) ( 59.788, 189.560 )


Geometric: ( Rect Only ) Special Wire of Net VSS  ( M3 )
Bounds : ( 60.652, 189.524 ) ( 60.724, 189.560 )


Geometric: ( Rect Only ) Special Wire of Net VDD  ( M3 )
Bounds : ( 71.380, 186.964 ) ( 71.452, 187.000 )


Geometric: ( Rect Only ) Special Wire of Net VSS  ( M3 )
Bounds : ( 72.676, 189.524 ) ( 72.748, 189.560 )


Geometric: ( Rect Only ) Special Wire of Net VSS  ( M3 )
Bounds : ( 73.612, 189.524 ) ( 73.684, 189.560 )


Geometric: ( Rect Only ) Special Wire of Net VDD  ( M3 )
Bounds : ( 84.340, 186.964 ) ( 84.412, 187.000 )


Geometric: ( Rect Only ) Special Wire of Net VSS  ( M3 )
Bounds : ( 85.636, 189.524 ) ( 85.708, 189.560 )


Geometric: ( Rect Only ) Special Wire of Net VSS  ( M3 )
Bounds : ( 86.572, 189.524 ) ( 86.644, 189.560 )


WIDTH: ( WidthTable ) Special Wire of Net VDD  ( M4 )
Bounds : ( 58.168, 186.964 ) ( 59.548, 189.140 )


WIDTH: ( WidthTable ) Special Wire of Net VSS  ( M4 )
Bounds : ( 59.464, 189.524 ) ( 60.976, 191.700 )


WIDTH: ( WidthTable ) Special Wire of Net VDD  ( M4 )
Bounds : ( 71.128, 186.964 ) ( 72.508, 189.140 )


WIDTH: ( WidthTable ) Special Wire of Net VSS  ( M4 )
Bounds : ( 72.424, 189.524 ) ( 73.936, 191.700 )


WIDTH: ( WidthTable ) Special Wire of Net VDD  ( M4 )
Bounds : ( 84.088, 186.964 ) ( 85.468, 189.140 )


WIDTH: ( WidthTable ) Special Wire of Net VSS  ( M4 )
Bounds : ( 85.384, 189.524 ) ( 86.896, 191.700 )


Geometric: ( Rect Only ) Special Wire of Net VDD  ( M3 )
Bounds : ( 32.500, 186.964 ) ( 32.572, 187.000 )


Geometric: ( Rect Only ) Special Wire of Net VSS  ( M3 )
Bounds : ( 33.796, 189.524 ) ( 33.868, 189.560 )


Geometric: ( Rect Only ) Special Wire of Net VSS  ( M3 )
Bounds : ( 34.732, 189.524 ) ( 34.804, 189.560 )


Geometric: ( Rect Only ) Special Wire of Net VDD  ( M3 )
Bounds : ( 45.460, 186.964 ) ( 45.532, 187.000 )


Geometric: ( Rect Only ) Special Wire of Net VSS  ( M3 )
Bounds : ( 46.756, 189.524 ) ( 46.828, 189.560 )


Geometric: ( Rect Only ) Special Wire of Net VSS  ( M3 )
Bounds : ( 47.692, 189.524 ) ( 47.764, 189.560 )


WIDTH: ( WidthTable ) Special Wire of Net VDD  ( M4 )
Bounds : ( 32.248, 186.964 ) ( 33.628, 189.140 )


WIDTH: ( WidthTable ) Special Wire of Net VSS  ( M4 )
Bounds : ( 33.544, 189.524 ) ( 35.056, 191.700 )


WIDTH: ( WidthTable ) Special Wire of Net VDD  ( M4 )
Bounds : ( 45.208, 186.964 ) ( 46.588, 189.140 )


WIDTH: ( WidthTable ) Special Wire of Net VSS  ( M4 )
Bounds : ( 46.504, 189.524 ) ( 48.016, 191.700 )


Geometric: ( Rect Only ) Special Wire of Net VDD  ( M3 )
Bounds : ( 6.580, 186.964 ) ( 6.652, 187.000 )


Geometric: ( Rect Only ) Special Wire of Net VSS  ( M3 )
Bounds : ( 7.876, 189.524 ) ( 7.948, 189.560 )


Geometric: ( Rect Only ) Special Wire of Net VSS  ( M3 )
Bounds : ( 8.812, 189.524 ) ( 8.884, 189.560 )


Geometric: ( Rect Only ) Special Wire of Net VDD  ( M3 )
Bounds : ( 19.540, 186.964 ) ( 19.612, 187.000 )


Geometric: ( Rect Only ) Special Wire of Net VSS  ( M3 )
Bounds : ( 20.836, 189.524 ) ( 20.908, 189.560 )


Geometric: ( Rect Only ) Special Wire of Net VSS  ( M3 )
Bounds : ( 21.772, 189.524 ) ( 21.844, 189.560 )


WIDTH: ( WidthTable ) Special Wire of Net VDD  ( M4 )
Bounds : ( 6.328, 186.964 ) ( 7.708, 189.140 )


WIDTH: ( WidthTable ) Special Wire of Net VSS  ( M4 )
Bounds : ( 7.624, 189.524 ) ( 9.136, 191.700 )


WIDTH: ( WidthTable ) Special Wire of Net VDD  ( M4 )
Bounds : ( 19.288, 186.964 ) ( 20.668, 189.140 )


WIDTH: ( WidthTable ) Special Wire of Net VSS  ( M4 )
Bounds : ( 20.584, 189.524 ) ( 22.096, 191.700 )


Geometric: ( Rect Only ) Special Wire of Net VDD  ( M3 )
Bounds : ( 175.096, 5.800 ) ( 175.132, 5.872 )


Geometric: ( Rect Only ) Special Wire of Net VSS  ( M3 )
Bounds : ( 176.392, 3.240 ) ( 176.428, 3.312 )


Geometric: ( Rect Only ) Special Wire of Net VSS  ( M3 )
Bounds : ( 177.292, 3.240 ) ( 177.328, 3.312 )


WIDTH: ( WidthTable ) Special Wire of Net VDD  ( M4 )
Bounds : ( 174.808, 3.660 ) ( 176.188, 5.836 )


WIDTH: ( WidthTable ) Special Wire of Net VSS  ( M4 )
Bounds : ( 176.104, 1.100 ) ( 177.616, 3.276 )


Geometric: ( Rect Only ) Special Wire of Net VDD  ( M3 )
Bounds : ( 149.176, 5.800 ) ( 149.212, 5.872 )


Geometric: ( Rect Only ) Special Wire of Net VSS  ( M3 )
Bounds : ( 150.472, 3.240 ) ( 150.508, 3.312 )


Geometric: ( Rect Only ) Special Wire of Net VSS  ( M3 )
Bounds : ( 151.372, 3.240 ) ( 151.408, 3.312 )


Geometric: ( Rect Only ) Special Wire of Net VDD  ( M3 )
Bounds : ( 162.136, 5.800 ) ( 162.172, 5.872 )


Geometric: ( Rect Only ) Special Wire of Net VSS  ( M3 )
Bounds : ( 163.432, 3.240 ) ( 163.468, 3.312 )


Geometric: ( Rect Only ) Special Wire of Net VSS  ( M3 )
Bounds : ( 164.332, 3.240 ) ( 164.368, 3.312 )


WIDTH: ( WidthTable ) Special Wire of Net VDD  ( M4 )
Bounds : ( 148.888, 3.660 ) ( 150.268, 5.836 )


WIDTH: ( WidthTable ) Special Wire of Net VSS  ( M4 )
Bounds : ( 150.184, 1.100 ) ( 151.696, 3.276 )


WIDTH: ( WidthTable ) Special Wire of Net VDD  ( M4 )
Bounds : ( 161.848, 3.660 ) ( 163.228, 5.836 )


WIDTH: ( WidthTable ) Special Wire of Net VSS  ( M4 )
Bounds : ( 163.144, 1.100 ) ( 164.656, 3.276 )


Geometric: ( Rect Only ) Special Wire of Net VDD  ( M3 )
Bounds : ( 97.336, 5.800 ) ( 97.372, 5.872 )


Geometric: ( Rect Only ) Special Wire of Net VSS  ( M3 )
Bounds : ( 98.632, 3.240 ) ( 98.668, 3.312 )


Geometric: ( Rect Only ) Special Wire of Net VSS  ( M3 )
Bounds : ( 99.532, 3.240 ) ( 99.568, 3.312 )


Geometric: ( Rect Only ) Special Wire of Net VDD  ( M3 )
Bounds : ( 110.296, 5.800 ) ( 110.332, 5.872 )


Geometric: ( Rect Only ) Special Wire of Net VSS  ( M3 )
Bounds : ( 111.592, 3.240 ) ( 111.628, 3.312 )


Geometric: ( Rect Only ) Special Wire of Net VSS  ( M3 )
Bounds : ( 112.492, 3.240 ) ( 112.528, 3.312 )


Geometric: ( Rect Only ) Special Wire of Net VDD  ( M3 )
Bounds : ( 123.256, 5.800 ) ( 123.292, 5.872 )


Geometric: ( Rect Only ) Special Wire of Net VSS  ( M3 )
Bounds : ( 124.552, 3.240 ) ( 124.588, 3.312 )


Geometric: ( Rect Only ) Special Wire of Net VSS  ( M3 )
Bounds : ( 125.452, 3.240 ) ( 125.488, 3.312 )


Geometric: ( Rect Only ) Special Wire of Net VDD  ( M3 )
Bounds : ( 136.216, 5.800 ) ( 136.252, 5.872 )


Geometric: ( Rect Only ) Special Wire of Net VSS  ( M3 )
Bounds : ( 137.512, 3.240 ) ( 137.548, 3.312 )


Geometric: ( Rect Only ) Special Wire of Net VSS  ( M3 )
Bounds : ( 138.412, 3.240 ) ( 138.448, 3.312 )


WIDTH: ( WidthTable ) Special Wire of Net VDD  ( M4 )
Bounds : ( 97.048, 3.660 ) ( 98.428, 5.836 )


WIDTH: ( WidthTable ) Special Wire of Net VSS  ( M4 )
Bounds : ( 98.344, 1.100 ) ( 99.856, 3.276 )


WIDTH: ( WidthTable ) Special Wire of Net VDD  ( M4 )
Bounds : ( 110.008, 3.660 ) ( 111.388, 5.836 )


WIDTH: ( WidthTable ) Special Wire of Net VSS  ( M4 )
Bounds : ( 111.304, 1.100 ) ( 112.816, 3.276 )


WIDTH: ( WidthTable ) Special Wire of Net VDD  ( M4 )
Bounds : ( 122.968, 3.660 ) ( 124.348, 5.836 )


WIDTH: ( WidthTable ) Special Wire of Net VSS  ( M4 )
Bounds : ( 124.264, 1.100 ) ( 125.776, 3.276 )


WIDTH: ( WidthTable ) Special Wire of Net VDD  ( M4 )
Bounds : ( 135.928, 3.660 ) ( 137.308, 5.836 )


WIDTH: ( WidthTable ) Special Wire of Net VSS  ( M4 )
Bounds : ( 137.224, 1.100 ) ( 138.736, 3.276 )


Geometric: ( Rect Only ) Special Wire of Net VDD  ( M3 )
Bounds : ( 58.456, 5.800 ) ( 58.492, 5.872 )


Geometric: ( Rect Only ) Special Wire of Net VSS  ( M3 )
Bounds : ( 59.716, 3.240 ) ( 59.788, 3.276 )


Geometric: ( Rect Only ) Special Wire of Net VSS  ( M3 )
Bounds : ( 60.652, 3.240 ) ( 60.724, 3.276 )


Geometric: ( Rect Only ) Special Wire of Net VDD  ( M3 )
Bounds : ( 71.416, 5.800 ) ( 71.452, 5.872 )


Geometric: ( Rect Only ) Special Wire of Net VSS  ( M3 )
Bounds : ( 72.712, 3.240 ) ( 72.748, 3.312 )


Geometric: ( Rect Only ) Special Wire of Net VSS  ( M3 )
Bounds : ( 73.612, 3.240 ) ( 73.648, 3.312 )


Geometric: ( Rect Only ) Special Wire of Net VDD  ( M3 )
Bounds : ( 84.376, 5.800 ) ( 84.412, 5.872 )


Geometric: ( Rect Only ) Special Wire of Net VSS  ( M3 )
Bounds : ( 85.672, 3.240 ) ( 85.708, 3.312 )


Geometric: ( Rect Only ) Special Wire of Net VSS  ( M3 )
Bounds : ( 86.572, 3.240 ) ( 86.608, 3.312 )


WIDTH: ( WidthTable ) Special Wire of Net VDD  ( M4 )
Bounds : ( 58.168, 3.660 ) ( 59.548, 5.836 )


WIDTH: ( WidthTable ) Special Wire of Net VSS  ( M4 )
Bounds : ( 59.464, 1.100 ) ( 60.976, 3.276 )


WIDTH: ( WidthTable ) Special Wire of Net VDD  ( M4 )
Bounds : ( 71.128, 3.660 ) ( 72.508, 5.836 )


WIDTH: ( WidthTable ) Special Wire of Net VSS  ( M4 )
Bounds : ( 72.424, 1.100 ) ( 73.936, 3.276 )


WIDTH: ( WidthTable ) Special Wire of Net VDD  ( M4 )
Bounds : ( 84.088, 3.660 ) ( 85.468, 5.836 )


WIDTH: ( WidthTable ) Special Wire of Net VSS  ( M4 )
Bounds : ( 85.384, 1.100 ) ( 86.896, 3.276 )


Geometric: ( Rect Only ) Special Wire of Net VDD  ( M3 )
Bounds : ( 32.536, 5.800 ) ( 32.572, 5.872 )


Geometric: ( Rect Only ) Special Wire of Net VSS  ( M3 )
Bounds : ( 33.832, 3.240 ) ( 33.868, 3.312 )


Geometric: ( Rect Only ) Special Wire of Net VSS  ( M3 )
Bounds : ( 34.732, 3.240 ) ( 34.768, 3.312 )


Geometric: ( Rect Only ) Special Wire of Net VDD  ( M3 )
Bounds : ( 45.496, 5.800 ) ( 45.532, 5.872 )


Geometric: ( Rect Only ) Special Wire of Net VSS  ( M3 )
Bounds : ( 46.792, 3.240 ) ( 46.828, 3.312 )


Geometric: ( Rect Only ) Special Wire of Net VSS  ( M3 )
Bounds : ( 47.692, 3.240 ) ( 47.728, 3.312 )


WIDTH: ( WidthTable ) Special Wire of Net VDD  ( M4 )
Bounds : ( 32.248, 3.660 ) ( 33.628, 5.836 )


WIDTH: ( WidthTable ) Special Wire of Net VSS  ( M4 )
Bounds : ( 33.544, 1.100 ) ( 35.056, 3.276 )


WIDTH: ( WidthTable ) Special Wire of Net VDD  ( M4 )
Bounds : ( 45.208, 3.660 ) ( 46.588, 5.836 )


WIDTH: ( WidthTable ) Special Wire of Net VSS  ( M4 )
Bounds : ( 46.504, 1.100 ) ( 48.016, 3.276 )


Geometric: ( Rect Only ) Special Wire of Net VDD  ( M3 )
Bounds : ( 6.616, 5.800 ) ( 6.652, 5.872 )


Geometric: ( Rect Only ) Special Wire of Net VSS  ( M3 )
Bounds : ( 7.912, 3.240 ) ( 7.948, 3.312 )


Geometric: ( Rect Only ) Special Wire of Net VSS  ( M3 )
Bounds : ( 8.812, 3.240 ) ( 8.848, 3.312 )


Geometric: ( Rect Only ) Special Wire of Net VDD  ( M3 )
Bounds : ( 19.576, 5.800 ) ( 19.612, 5.872 )


Geometric: ( Rect Only ) Special Wire of Net VSS  ( M3 )
Bounds : ( 20.872, 3.240 ) ( 20.908, 3.312 )


Geometric: ( Rect Only ) Special Wire of Net VSS  ( M3 )
Bounds : ( 21.772, 3.240 ) ( 21.808, 3.312 )


WIDTH: ( WidthTable ) Special Wire of Net VDD  ( M4 )
Bounds : ( 6.328, 3.660 ) ( 7.708, 5.836 )


WIDTH: ( WidthTable ) Special Wire of Net VSS  ( M4 )
Bounds : ( 7.624, 1.100 ) ( 9.136, 3.276 )


WIDTH: ( WidthTable ) Special Wire of Net VDD  ( M4 )
Bounds : ( 19.288, 3.660 ) ( 20.668, 5.836 )


WIDTH: ( WidthTable ) Special Wire of Net VSS  ( M4 )
Bounds : ( 20.584, 1.100 ) ( 22.096, 3.276 )


  Total Violations : 140 Viols.
