 ------------------------------------------------------------------------------------------------------------------------------------------------------- 
| Snapshot                | WNS                  | TNS                  | Density (%) | Hotspot                   | Resource               | DRVs       |
|                         | HEPG (ns) | ALL (ns) | HEPG (ns) | ALL (ns) |             | Max (bins) | Total (bins) | Real (s) | Memory (MB) | Tran | Cap |
|-------------------------+-----------+----------+-----------+----------+-------------+------------+--------------+----------+-------------+------+-----|
| initial_summary         |     0.022 |    0.022 |           |        0 |       57.00 |            |              | 0:00:13  |        6711 |    0 |   0 |
| route_type_refinement   |           |          |           |          |             |            |              | 0:00:01  |        6711 |      |     |
| simplify_netlist        |           |          |           |          |             |            |              | 0:00:03  |        6711 |      |     |
| excluded_clk_net_fixing |           |          |           |          |             |            |              | 0:00:00  |        6711 |      |     |
| global_opt              |           |    0.022 |           |        0 |       57.00 |            |              | 0:00:05  |        6711 |      |     |
| area_reclaiming         |     0.021 |    0.021 |         0 |        0 |       56.97 |            |              | 0:00:08  |        6711 |      |     |
| area_reclaiming_2       |     0.010 |    0.010 |         0 |        0 |       56.94 |            |              | 0:00:59  |        6856 |      |     |
| area_reclaiming_3       |     0.010 |    0.010 |         0 |        0 |       56.94 |            |              | 0:00:08  |        6856 |      |     |
| local_wire_reclaim      |           |          |           |          |             |            |              | 0:00:35  |        6856 |      |     |
| global_route            |           |          |           |          |             |       0.00 |         0.00 | 0:00:06  |        6759 |      |     |
| route_type_refinement_2 |           |          |           |          |             |            |              | 0:00:00  |        6759 |      |     |
| drv_eco_fixing          |    -0.019 |   -0.019 |        -0 |       -0 |       56.96 |            |              | 0:00:05  |        6848 |    0 |   0 |
| wns_eco_fixing          |     0.020 |    0.020 |         0 |        0 |       56.99 |            |              | 0:00:26  |        6976 |      |     |
| tns_eco_fixing          |     0.020 |    0.020 |         0 |        0 |       56.99 |            |              | 0:00:03  |        6976 |      |     |
| final_summary           |     0.009 |    0.009 |           |        0 |       56.99 |       0.00 |         0.00 | 0:00:08  |        6768 |    0 |   0 |
 ------------------------------------------------------------------------------------------------------------------------------------------------------- 
