 ------------------------------------------------------------------------------------------------------------------------------------------------------- 
| Snapshot                | WNS                  | TNS                  | Density (%) | Hotspot                   | Resource               | DRVs       |
|                         | HEPG (ns) | ALL (ns) | HEPG (ns) | ALL (ns) |             | Max (bins) | Total (bins) | Real (s) | Memory (MB) | Tran | Cap |
|-------------------------+-----------+----------+-----------+----------+-------------+------------+--------------+----------+-------------+------+-----|
| initial_summary         |    -0.036 |   -0.036 |           |       -0 |       56.96 |            |              | 0:00:09  |        6711 |    0 |   4 |
| route_type_refinement   |           |          |           |          |             |            |              | 0:00:00  |        6711 |      |     |
| simplify_netlist        |           |          |           |          |             |            |              | 0:00:02  |        6711 |      |     |
| excluded_clk_net_fixing |           |          |           |          |             |            |              | 0:00:01  |        6711 |      |     |
| drv_fixing              |    -0.036 |   -0.036 |        -0 |       -0 |       56.98 |            |              | 0:00:09  |        6791 |    0 |   0 |
| global_opt              |           |    0.020 |           |        0 |       57.06 |            |              | 0:00:07  |        6791 |      |     |
| area_reclaiming         |     0.020 |    0.020 |         0 |        0 |       57.01 |            |              | 0:00:09  |        6791 |      |     |
| wns_fixing              |     0.027 |    0.027 |         0 |        0 |       57.03 |            |              | 0:00:21  |        6919 |      |     |
| area_reclaiming_2       |     0.017 |    0.017 |         0 |        0 |       56.96 |            |              | 0:01:03  |        6799 |      |     |
| area_reclaiming_3       |     0.019 |    0.019 |         0 |        0 |       56.96 |            |              | 0:00:08  |        6799 |      |     |
| local_wire_reclaim      |           |          |           |          |             |            |              | 0:00:35  |        6799 |      |     |
| global_route            |           |          |           |          |             |       0.00 |         0.00 | 0:00:06  |        6702 |      |     |
| route_type_refinement_2 |           |          |           |          |             |            |              | 0:00:00  |        6702 |      |     |
| drv_eco_fixing          |    -0.021 |   -0.021 |        -0 |       -0 |       56.98 |            |              | 0:00:04  |        6791 |    0 |   0 |
| wns_eco_fixing          |     0.022 |    0.022 |         0 |        0 |       57.00 |            |              | 0:00:08  |        6927 |      |     |
| final_summary           |     0.022 |    0.022 |           |        0 |       57.00 |       0.00 |         0.00 | 0:00:07  |        6711 |    0 |   0 |
 ------------------------------------------------------------------------------------------------------------------------------------------------------- 
