###############################################################
#  Generated by:      Cadence Innovus 23.14-s088_1
#  OS:                Linux x86_64(Host ID raindrop)
#  Generated on:      Sun Feb 15 05:58:11 2026
#  Design:            systolic_top
#  Command:           colorizePowerMesh
###############################################################
#set_verify_drc_mode -check_only special -disable_rules {cut_spacing min_area min_cut min_step protrusion} -exclude_pg_net false

SHORT: ( Metal Color Change ) Special Wire of Net VSS  ( M6 )
Bounds : ( 189.524, 180.712 ) ( 191.700, 181.576 )


SHORT: ( Metal Color Change ) Special Wire of Net VSS  ( M7 )
Bounds : ( 176.392, 189.524 ) ( 177.328, 191.700 )


SHORT: ( Metal Color Change ) Special Wire of Net VSS  ( M7 )
Bounds : ( 189.524, 189.524 ) ( 191.700, 191.700 )


SHORT: ( Metal Color Change ) Special Wire of Net VSS  ( M7 )
Bounds : ( 163.432, 189.524 ) ( 164.368, 191.700 )


SHORT: ( Metal Color Change ) Special Wire of Net VSS  ( M6 )
Bounds : ( 189.524, 159.208 ) ( 191.700, 160.072 )


SHORT: ( Metal Color Change ) Special Wire of Net VSS  ( M7 )
Bounds : ( 98.632, 189.524 ) ( 99.568, 191.700 )


SHORT: ( Metal Color Change ) Special Wire of Net VSS  ( M7 )
Bounds : ( 124.552, 189.524 ) ( 125.488, 191.700 )


SHORT: ( Metal Color Change ) Special Wire of Net VSS  ( M7 )
Bounds : ( 137.512, 189.524 ) ( 138.448, 191.700 )


SHORT: ( Metal Color Change ) Special Wire of Net VSS  ( M7 )
Bounds : ( 85.672, 189.524 ) ( 86.608, 191.700 )


SHORT: ( Metal Color Change ) Special Wire of Net VSS  ( M7 )
Bounds : ( 46.792, 189.524 ) ( 47.728, 191.700 )


SHORT: ( Metal Color Change ) Special Wire of Net VSS  ( M7 )
Bounds : ( 1.100, 189.524 ) ( 3.276, 191.700 )


SHORT: ( Metal Color Change ) Special Wire of Net VSS  ( M7 )
Bounds : ( 7.912, 189.524 ) ( 8.848, 191.700 )


SHORT: ( Metal Color Change ) Special Wire of Net VSS  ( M6 )
Bounds : ( 189.524, 51.112 ) ( 191.700, 51.976 )


SHORT: ( Metal Color Change ) Special Wire of Net VSS  ( M6 )
Bounds : ( 189.524, 29.608 ) ( 191.700, 30.472 )


SHORT: ( Metal Color Change ) Special Wire of Net VSS  ( M6 )
Bounds : ( 189.524, 8.104 ) ( 191.700, 8.968 )


SHORT: ( Metal Color Change ) Special Wire of Net VSS  ( M7 )
Bounds : ( 176.392, 1.100 ) ( 177.328, 3.276 )


SHORT: ( Metal Color Change ) Special Wire of Net VSS  ( M7 )
Bounds : ( 189.524, 1.100 ) ( 191.700, 3.276 )


SHORT: ( Metal Color Change ) Special Wire of Net VSS  ( M7 )
Bounds : ( 163.432, 1.100 ) ( 164.368, 3.276 )


SHORT: ( Metal Color Change ) Special Wire of Net VSS  ( M7 )
Bounds : ( 98.632, 1.100 ) ( 99.568, 3.276 )


SHORT: ( Metal Color Change ) Special Wire of Net VSS  ( M7 )
Bounds : ( 124.552, 1.100 ) ( 125.488, 3.276 )


SHORT: ( Metal Color Change ) Special Wire of Net VSS  ( M7 )
Bounds : ( 137.512, 1.100 ) ( 138.448, 3.276 )


SHORT: ( Metal Color Change ) Special Wire of Net VSS  ( M7 )
Bounds : ( 85.672, 1.100 ) ( 86.608, 3.276 )


SHORT: ( Metal Color Change ) Special Wire of Net VSS  ( M7 )
Bounds : ( 46.792, 1.100 ) ( 47.728, 3.276 )


SHORT: ( Metal Color Change ) Special Wire of Net VSS  ( M7 )
Bounds : ( 1.100, 1.100 ) ( 3.276, 3.276 )


SHORT: ( Metal Color Change ) Special Wire of Net VSS  ( M7 )
Bounds : ( 7.912, 1.100 ) ( 8.848, 3.276 )


  Total Violations : 25 Viols.
