###############################################################
#  Generated by:      Cadence Innovus 23.14-s088_1
#  OS:                Linux x86_64(Host ID raindrop)
#  Generated on:      Sun Feb 15 06:07:51 2026
#  Design:            systolic_top
#  Command:           verifyConnectivity -type all > innovus_verify_conn.rep
###############################################################
Verify Connectivity Report is created on Sun Feb 15 06:07:51 2026




Multi-CPU acceleration using 8 CPU


Use pthread

Net VDD: dangling Wire at (6.220, 185.500) (6.220, 185.500) on layer: M2
Net VDD: dangling Wire at (186.580, 185.500) (186.580, 185.500) on layer: M2
Net VDD: dangling Wire at (6.220, 183.340) (6.220, 183.340) on layer: M2
Net VDD: dangling Wire at (186.580, 183.340) (186.580, 183.340) on layer: M2
Net VDD: dangling Wire at (6.220, 181.180) (6.220, 181.180) on layer: M2
Net VDD: dangling Wire at (186.580, 181.180) (186.580, 181.180) on layer: M2
Net VDD: dangling Wire at (6.220, 179.020) (6.220, 179.020) on layer: M2
Net VDD: dangling Wire at (186.580, 179.020) (186.580, 179.020) on layer: M2
Net VDD: dangling Wire at (6.220, 176.860) (6.220, 176.860) on layer: M2
Net VDD: dangling Wire at (186.580, 176.860) (186.580, 176.860) on layer: M2
Net VDD: dangling Wire at (6.220, 174.700) (6.220, 174.700) on layer: M2
Net VDD: dangling Wire at (186.580, 174.700) (186.580, 174.700) on layer: M2
Net VDD: dangling Wire at (6.220, 172.540) (6.220, 172.540) on layer: M2
Net VDD: dangling Wire at (186.580, 172.540) (186.580, 172.540) on layer: M2
Net VDD: dangling Wire at (6.220, 170.380) (6.220, 170.380) on layer: M2
Net VDD: dangling Wire at (186.580, 170.380) (186.580, 170.380) on layer: M2
Net VDD: dangling Wire at (6.220, 168.220) (6.220, 168.220) on layer: M2
Net VDD: dangling Wire at (186.580, 168.220) (186.580, 168.220) on layer: M2
Net VDD: dangling Wire at (6.220, 166.060) (6.220, 166.060) on layer: M2
Net VDD: dangling Wire at (186.580, 166.060) (186.580, 166.060) on layer: M2
Net VDD: dangling Wire at (6.220, 163.900) (6.220, 163.900) on layer: M2
Net VDD: dangling Wire at (186.580, 163.900) (186.580, 163.900) on layer: M2
Net VDD: dangling Wire at (6.220, 161.740) (6.220, 161.740) on layer: M2
Net VDD: dangling Wire at (186.580, 161.740) (186.580, 161.740) on layer: M2
Net VDD: dangling Wire at (6.220, 159.580) (6.220, 159.580) on layer: M2
Net VDD: dangling Wire at (186.580, 159.580) (186.580, 159.580) on layer: M2
Net VDD: dangling Wire at (6.220, 157.420) (6.220, 157.420) on layer: M2
Net VDD: dangling Wire at (186.580, 157.420) (186.580, 157.420) on layer: M2
Net VDD: dangling Wire at (6.220, 155.260) (6.220, 155.260) on layer: M2
Net VDD: dangling Wire at (186.580, 155.260) (186.580, 155.260) on layer: M2
Net VDD: dangling Wire at (6.220, 153.100) (6.220, 153.100) on layer: M2
Net VDD: dangling Wire at (186.580, 153.100) (186.580, 153.100) on layer: M2
Net VDD: dangling Wire at (6.220, 150.940) (6.220, 150.940) on layer: M2
Net VDD: dangling Wire at (186.580, 150.940) (186.580, 150.940) on layer: M2
Net VDD: dangling Wire at (6.220, 148.780) (6.220, 148.780) on layer: M2
Net VDD: dangling Wire at (186.580, 148.780) (186.580, 148.780) on layer: M2
Net VDD: dangling Wire at (6.220, 146.620) (6.220, 146.620) on layer: M2
Net VDD: dangling Wire at (186.580, 146.620) (186.580, 146.620) on layer: M2
Net VDD: dangling Wire at (6.220, 144.460) (6.220, 144.460) on layer: M2
Net VDD: dangling Wire at (186.580, 144.460) (186.580, 144.460) on layer: M2
Net VDD: dangling Wire at (6.220, 142.300) (6.220, 142.300) on layer: M2
Net VDD: dangling Wire at (186.580, 142.300) (186.580, 142.300) on layer: M2
Net VDD: dangling Wire at (6.220, 140.140) (6.220, 140.140) on layer: M2
Net VDD: dangling Wire at (186.580, 140.140) (186.580, 140.140) on layer: M2
Net VDD: dangling Wire at (6.220, 137.980) (6.220, 137.980) on layer: M2
Net VDD: dangling Wire at (186.580, 137.980) (186.580, 137.980) on layer: M2
Net VDD: dangling Wire at (6.220, 135.820) (6.220, 135.820) on layer: M2
Net VDD: dangling Wire at (186.580, 135.820) (186.580, 135.820) on layer: M2
Net VDD: dangling Wire at (6.220, 133.660) (6.220, 133.660) on layer: M2
Net VDD: dangling Wire at (186.580, 133.660) (186.580, 133.660) on layer: M2
Net VDD: dangling Wire at (6.220, 131.500) (6.220, 131.500) on layer: M2
Net VDD: dangling Wire at (186.580, 131.500) (186.580, 131.500) on layer: M2
Net VDD: dangling Wire at (6.220, 129.340) (6.220, 129.340) on layer: M2
Net VDD: dangling Wire at (186.580, 129.340) (186.580, 129.340) on layer: M2
Net VDD: dangling Wire at (6.220, 127.180) (6.220, 127.180) on layer: M2
Net VDD: dangling Wire at (186.580, 127.180) (186.580, 127.180) on layer: M2
Net VDD: dangling Wire at (6.220, 125.020) (6.220, 125.020) on layer: M2
Net VDD: dangling Wire at (186.580, 125.020) (186.580, 125.020) on layer: M2
Net VDD: dangling Wire at (6.220, 122.860) (6.220, 122.860) on layer: M2
Net VDD: dangling Wire at (186.580, 122.860) (186.580, 122.860) on layer: M2
Net VDD: dangling Wire at (6.220, 120.700) (6.220, 120.700) on layer: M2
Net VDD: dangling Wire at (186.580, 120.700) (186.580, 120.700) on layer: M2
Net VDD: dangling Wire at (6.220, 118.540) (6.220, 118.540) on layer: M2
Net VDD: dangling Wire at (186.580, 118.540) (186.580, 118.540) on layer: M2
Net VDD: dangling Wire at (6.220, 116.380) (6.220, 116.380) on layer: M2
Net VDD: dangling Wire at (186.580, 116.380) (186.580, 116.380) on layer: M2
Net VDD: dangling Wire at (6.220, 114.220) (6.220, 114.220) on layer: M2
Net VDD: dangling Wire at (186.580, 114.220) (186.580, 114.220) on layer: M2
Net VDD: dangling Wire at (6.220, 112.060) (6.220, 112.060) on layer: M2
Net VDD: dangling Wire at (186.580, 112.060) (186.580, 112.060) on layer: M2
Net VDD: dangling Wire at (6.220, 109.900) (6.220, 109.900) on layer: M2
Net VDD: dangling Wire at (186.580, 109.900) (186.580, 109.900) on layer: M2
Net VDD: dangling Wire at (6.220, 107.740) (6.220, 107.740) on layer: M2
Net VDD: dangling Wire at (186.580, 107.740) (186.580, 107.740) on layer: M2
Net VDD: dangling Wire at (6.220, 105.580) (6.220, 105.580) on layer: M2
Net VDD: dangling Wire at (186.580, 105.580) (186.580, 105.580) on layer: M2
Net VDD: dangling Wire at (6.220, 103.420) (6.220, 103.420) on layer: M2
Net VDD: dangling Wire at (186.580, 103.420) (186.580, 103.420) on layer: M2
Net VDD: dangling Wire at (6.220, 101.260) (6.220, 101.260) on layer: M2
Net VDD: dangling Wire at (186.580, 101.260) (186.580, 101.260) on layer: M2
Net VDD: dangling Wire at (6.220, 99.100) (6.220, 99.100) on layer: M2
Net VDD: dangling Wire at (186.580, 99.100) (186.580, 99.100) on layer: M2
Net VDD: dangling Wire at (6.220, 96.940) (6.220, 96.940) on layer: M2
Net VDD: dangling Wire at (186.580, 96.940) (186.580, 96.940) on layer: M2
Net VDD: dangling Wire at (6.220, 94.780) (6.220, 94.780) on layer: M2
Net VDD: dangling Wire at (186.580, 94.780) (186.580, 94.780) on layer: M2
Net VDD: dangling Wire at (6.220, 92.620) (6.220, 92.620) on layer: M2
Net VDD: dangling Wire at (186.580, 92.620) (186.580, 92.620) on layer: M2
Net VDD: dangling Wire at (6.220, 90.460) (6.220, 90.460) on layer: M2
Net VDD: dangling Wire at (186.580, 90.460) (186.580, 90.460) on layer: M2
Net VDD: dangling Wire at (6.220, 88.300) (6.220, 88.300) on layer: M2
Net VDD: dangling Wire at (186.580, 88.300) (186.580, 88.300) on layer: M2
Net VDD: dangling Wire at (6.220, 86.140) (6.220, 86.140) on layer: M2
Net VDD: dangling Wire at (186.580, 86.140) (186.580, 86.140) on layer: M2
Net VDD: dangling Wire at (6.220, 83.980) (6.220, 83.980) on layer: M2
Net VDD: dangling Wire at (186.580, 83.980) (186.580, 83.980) on layer: M2
Net VDD: dangling Wire at (6.220, 81.820) (6.220, 81.820) on layer: M2
Net VDD: dangling Wire at (186.580, 81.820) (186.580, 81.820) on layer: M2
Net VDD: dangling Wire at (6.220, 79.660) (6.220, 79.660) on layer: M2
Net VDD: dangling Wire at (186.580, 79.660) (186.580, 79.660) on layer: M2
Net VDD: dangling Wire at (6.220, 77.500) (6.220, 77.500) on layer: M2
Net VDD: dangling Wire at (186.580, 77.500) (186.580, 77.500) on layer: M2
Net VDD: dangling Wire at (6.220, 75.340) (6.220, 75.340) on layer: M2
Net VDD: dangling Wire at (186.580, 75.340) (186.580, 75.340) on layer: M2
Net VDD: dangling Wire at (6.220, 73.180) (6.220, 73.180) on layer: M2
Net VDD: dangling Wire at (186.580, 73.180) (186.580, 73.180) on layer: M2
Net VDD: dangling Wire at (6.220, 71.020) (6.220, 71.020) on layer: M2
Net VDD: dangling Wire at (186.580, 71.020) (186.580, 71.020) on layer: M2
Net VDD: dangling Wire at (6.220, 68.860) (6.220, 68.860) on layer: M2
Net VDD: dangling Wire at (186.580, 68.860) (186.580, 68.860) on layer: M2
Net VDD: dangling Wire at (6.220, 66.700) (6.220, 66.700) on layer: M2
Net VDD: dangling Wire at (186.580, 66.700) (186.580, 66.700) on layer: M2
Net VDD: dangling Wire at (6.220, 64.540) (6.220, 64.540) on layer: M2
Net VDD: dangling Wire at (186.580, 64.540) (186.580, 64.540) on layer: M2
Net VDD: dangling Wire at (6.220, 62.380) (6.220, 62.380) on layer: M2
Net VDD: dangling Wire at (186.580, 62.380) (186.580, 62.380) on layer: M2
Net VDD: dangling Wire at (6.220, 60.220) (6.220, 60.220) on layer: M2
Net VDD: dangling Wire at (186.580, 60.220) (186.580, 60.220) on layer: M2
Net VDD: dangling Wire at (6.220, 58.060) (6.220, 58.060) on layer: M2
Net VDD: dangling Wire at (186.580, 58.060) (186.580, 58.060) on layer: M2
Net VDD: dangling Wire at (6.220, 55.900) (6.220, 55.900) on layer: M2
Net VDD: dangling Wire at (186.580, 55.900) (186.580, 55.900) on layer: M2
Net VDD: dangling Wire at (6.220, 53.740) (6.220, 53.740) on layer: M2
Net VDD: dangling Wire at (186.580, 53.740) (186.580, 53.740) on layer: M2
Net VDD: dangling Wire at (6.220, 51.580) (6.220, 51.580) on layer: M2
Net VDD: dangling Wire at (186.580, 51.580) (186.580, 51.580) on layer: M2
Net VDD: dangling Wire at (6.220, 49.420) (6.220, 49.420) on layer: M2
Net VDD: dangling Wire at (186.580, 49.420) (186.580, 49.420) on layer: M2
Net VDD: dangling Wire at (6.220, 47.260) (6.220, 47.260) on layer: M2
Net VDD: dangling Wire at (186.580, 47.260) (186.580, 47.260) on layer: M2
Net VDD: dangling Wire at (6.220, 45.100) (6.220, 45.100) on layer: M2
Net VDD: dangling Wire at (186.580, 45.100) (186.580, 45.100) on layer: M2
Net VDD: dangling Wire at (6.220, 42.940) (6.220, 42.940) on layer: M2
Net VDD: dangling Wire at (186.580, 42.940) (186.580, 42.940) on layer: M2
Net VDD: dangling Wire at (6.220, 40.780) (6.220, 40.780) on layer: M2
Net VDD: dangling Wire at (186.580, 40.780) (186.580, 40.780) on layer: M2
Net VDD: dangling Wire at (6.220, 38.620) (6.220, 38.620) on layer: M2
Net VDD: dangling Wire at (186.580, 38.620) (186.580, 38.620) on layer: M2
Net VDD: dangling Wire at (6.220, 36.460) (6.220, 36.460) on layer: M2
Net VDD: dangling Wire at (186.580, 36.460) (186.580, 36.460) on layer: M2
Net VDD: dangling Wire at (6.220, 34.300) (6.220, 34.300) on layer: M2
Net VDD: dangling Wire at (186.580, 34.300) (186.580, 34.300) on layer: M2
Net VDD: dangling Wire at (6.220, 32.140) (6.220, 32.140) on layer: M2
Net VDD: dangling Wire at (186.580, 32.140) (186.580, 32.140) on layer: M2
Net VDD: dangling Wire at (6.220, 29.980) (6.220, 29.980) on layer: M2
Net VDD: dangling Wire at (186.580, 29.980) (186.580, 29.980) on layer: M2
Net VDD: dangling Wire at (6.220, 27.820) (6.220, 27.820) on layer: M2
Net VDD: dangling Wire at (186.580, 27.820) (186.580, 27.820) on layer: M2
Net VDD: dangling Wire at (6.220, 25.660) (6.220, 25.660) on layer: M2
Net VDD: dangling Wire at (186.580, 25.660) (186.580, 25.660) on layer: M2
Net VDD: dangling Wire at (6.220, 23.500) (6.220, 23.500) on layer: M2
Net VDD: dangling Wire at (186.580, 23.500) (186.580, 23.500) on layer: M2
Net VDD: dangling Wire at (6.220, 21.340) (6.220, 21.340) on layer: M2
Net VDD: dangling Wire at (186.580, 21.340) (186.580, 21.340) on layer: M2
Net VDD: dangling Wire at (6.220, 19.180) (6.220, 19.180) on layer: M2
Net VDD: dangling Wire at (186.580, 19.180) (186.580, 19.180) on layer: M2
Net VDD: dangling Wire at (6.220, 17.020) (6.220, 17.020) on layer: M2
Net VDD: dangling Wire at (186.580, 17.020) (186.580, 17.020) on layer: M2
Net VDD: dangling Wire at (6.220, 14.860) (6.220, 14.860) on layer: M2
Net VDD: dangling Wire at (186.580, 14.860) (186.580, 14.860) on layer: M2
Net VDD: dangling Wire at (6.220, 12.700) (6.220, 12.700) on layer: M2
Net VDD: dangling Wire at (186.580, 12.700) (186.580, 12.700) on layer: M2
Net VDD: dangling Wire at (6.220, 10.540) (6.220, 10.540) on layer: M2
Net VDD: dangling Wire at (186.580, 10.540) (186.580, 10.540) on layer: M2
Net VDD: dangling Wire at (6.220, 8.380) (6.220, 8.380) on layer: M2
Net VDD: dangling Wire at (186.580, 8.380) (186.580, 8.380) on layer: M2
Net VDD: dangling Wire at (6.220, 6.220) (6.220, 6.220) on layer: M2
Net VDD: dangling Wire at (186.580, 6.220) (186.580, 6.220) on layer: M2
Net VSS: dangling Wire at (6.220, 186.580) (6.220, 186.580) on layer: M2
Net VSS: dangling Wire at (186.580, 186.580) (186.580, 186.580) on layer: M2
Net VSS: dangling Wire at (6.220, 184.420) (6.220, 184.420) on layer: M2
Net VSS: dangling Wire at (186.580, 184.420) (186.580, 184.420) on layer: M2
Net VSS: dangling Wire at (6.220, 182.260) (6.220, 182.260) on layer: M2
Net VSS: dangling Wire at (186.580, 182.260) (186.580, 182.260) on layer: M2
Net VSS: dangling Wire at (6.220, 180.100) (6.220, 180.100) on layer: M2
Net VSS: dangling Wire at (186.580, 180.100) (186.580, 180.100) on layer: M2
Net VSS: dangling Wire at (6.220, 177.940) (6.220, 177.940) on layer: M2
Net VSS: dangling Wire at (186.580, 177.940) (186.580, 177.940) on layer: M2
Net VSS: dangling Wire at (6.220, 175.780) (6.220, 175.780) on layer: M2
Net VSS: dangling Wire at (186.580, 175.780) (186.580, 175.780) on layer: M2
Net VSS: dangling Wire at (6.220, 173.620) (6.220, 173.620) on layer: M2
Net VSS: dangling Wire at (186.580, 173.620) (186.580, 173.620) on layer: M2
Net VSS: dangling Wire at (6.220, 171.460) (6.220, 171.460) on layer: M2
Net VSS: dangling Wire at (186.580, 171.460) (186.580, 171.460) on layer: M2
Net VSS: dangling Wire at (6.220, 169.300) (6.220, 169.300) on layer: M2
Net VSS: dangling Wire at (186.580, 169.300) (186.580, 169.300) on layer: M2
Net VSS: dangling Wire at (6.220, 167.140) (6.220, 167.140) on layer: M2
Net VSS: dangling Wire at (186.580, 167.140) (186.580, 167.140) on layer: M2
Net VSS: dangling Wire at (6.220, 164.980) (6.220, 164.980) on layer: M2
Net VSS: dangling Wire at (186.580, 164.980) (186.580, 164.980) on layer: M2
Net VSS: dangling Wire at (6.220, 162.820) (6.220, 162.820) on layer: M2
Net VSS: dangling Wire at (186.580, 162.820) (186.580, 162.820) on layer: M2
Net VSS: dangling Wire at (6.220, 160.660) (6.220, 160.660) on layer: M2
Net VSS: dangling Wire at (186.580, 160.660) (186.580, 160.660) on layer: M2
Net VSS: dangling Wire at (6.220, 158.500) (6.220, 158.500) on layer: M2
Net VSS: dangling Wire at (186.580, 158.500) (186.580, 158.500) on layer: M2
Net VSS: dangling Wire at (6.220, 156.340) (6.220, 156.340) on layer: M2
Net VSS: dangling Wire at (186.580, 156.340) (186.580, 156.340) on layer: M2
Net VSS: dangling Wire at (6.220, 154.180) (6.220, 154.180) on layer: M2
Net VSS: dangling Wire at (186.580, 154.180) (186.580, 154.180) on layer: M2
Net VSS: dangling Wire at (6.220, 152.020) (6.220, 152.020) on layer: M2
Net VSS: dangling Wire at (186.580, 152.020) (186.580, 152.020) on layer: M2
Net VSS: dangling Wire at (6.220, 149.860) (6.220, 149.860) on layer: M2
Net VSS: dangling Wire at (186.580, 149.860) (186.580, 149.860) on layer: M2
Net VSS: dangling Wire at (6.220, 147.700) (6.220, 147.700) on layer: M2
Net VSS: dangling Wire at (186.580, 147.700) (186.580, 147.700) on layer: M2
Net VSS: dangling Wire at (6.220, 145.540) (6.220, 145.540) on layer: M2
Net VSS: dangling Wire at (186.580, 145.540) (186.580, 145.540) on layer: M2
Net VSS: dangling Wire at (6.220, 143.380) (6.220, 143.380) on layer: M2
Net VSS: dangling Wire at (186.580, 143.380) (186.580, 143.380) on layer: M2
Net VSS: dangling Wire at (6.220, 141.220) (6.220, 141.220) on layer: M2
Net VSS: dangling Wire at (186.580, 141.220) (186.580, 141.220) on layer: M2
Net VSS: dangling Wire at (6.220, 139.060) (6.220, 139.060) on layer: M2
Net VSS: dangling Wire at (186.580, 139.060) (186.580, 139.060) on layer: M2
Net VSS: dangling Wire at (6.220, 136.900) (6.220, 136.900) on layer: M2
Net VSS: dangling Wire at (186.580, 136.900) (186.580, 136.900) on layer: M2
Net VSS: dangling Wire at (6.220, 134.740) (6.220, 134.740) on layer: M2
Net VSS: dangling Wire at (186.580, 134.740) (186.580, 134.740) on layer: M2
Net VSS: dangling Wire at (6.220, 132.580) (6.220, 132.580) on layer: M2
Net VSS: dangling Wire at (186.580, 132.580) (186.580, 132.580) on layer: M2
Net VSS: dangling Wire at (6.220, 130.420) (6.220, 130.420) on layer: M2
Net VSS: dangling Wire at (186.580, 130.420) (186.580, 130.420) on layer: M2
Net VSS: dangling Wire at (6.220, 128.260) (6.220, 128.260) on layer: M2
Net VSS: dangling Wire at (186.580, 128.260) (186.580, 128.260) on layer: M2
Net VSS: dangling Wire at (6.220, 126.100) (6.220, 126.100) on layer: M2
Net VSS: dangling Wire at (186.580, 126.100) (186.580, 126.100) on layer: M2
Net VSS: dangling Wire at (6.220, 123.940) (6.220, 123.940) on layer: M2
Net VSS: dangling Wire at (186.580, 123.940) (186.580, 123.940) on layer: M2
Net VSS: dangling Wire at (6.220, 121.780) (6.220, 121.780) on layer: M2
Net VSS: dangling Wire at (186.580, 121.780) (186.580, 121.780) on layer: M2
Net VSS: dangling Wire at (6.220, 119.620) (6.220, 119.620) on layer: M2
Net VSS: dangling Wire at (186.580, 119.620) (186.580, 119.620) on layer: M2
Net VSS: dangling Wire at (6.220, 117.460) (6.220, 117.460) on layer: M2
Net VSS: dangling Wire at (186.580, 117.460) (186.580, 117.460) on layer: M2
Net VSS: dangling Wire at (6.220, 115.300) (6.220, 115.300) on layer: M2
Net VSS: dangling Wire at (186.580, 115.300) (186.580, 115.300) on layer: M2
Net VSS: dangling Wire at (6.220, 113.140) (6.220, 113.140) on layer: M2
Net VSS: dangling Wire at (186.580, 113.140) (186.580, 113.140) on layer: M2
Net VSS: dangling Wire at (6.220, 110.980) (6.220, 110.980) on layer: M2
Net VSS: dangling Wire at (186.580, 110.980) (186.580, 110.980) on layer: M2
Net VSS: dangling Wire at (6.220, 108.820) (6.220, 108.820) on layer: M2
Net VSS: dangling Wire at (186.580, 108.820) (186.580, 108.820) on layer: M2
Net VSS: dangling Wire at (6.220, 106.660) (6.220, 106.660) on layer: M2
Net VSS: dangling Wire at (186.580, 106.660) (186.580, 106.660) on layer: M2
Net VSS: dangling Wire at (6.220, 104.500) (6.220, 104.500) on layer: M2
Net VSS: dangling Wire at (186.580, 104.500) (186.580, 104.500) on layer: M2
Net VSS: dangling Wire at (6.220, 102.340) (6.220, 102.340) on layer: M2
Net VSS: dangling Wire at (186.580, 102.340) (186.580, 102.340) on layer: M2
Net VSS: dangling Wire at (6.220, 100.180) (6.220, 100.180) on layer: M2
Net VSS: dangling Wire at (186.580, 100.180) (186.580, 100.180) on layer: M2
Net VSS: dangling Wire at (6.220, 98.020) (6.220, 98.020) on layer: M2
Net VSS: dangling Wire at (186.580, 98.020) (186.580, 98.020) on layer: M2
Net VSS: dangling Wire at (6.220, 95.860) (6.220, 95.860) on layer: M2
Net VSS: dangling Wire at (186.580, 95.860) (186.580, 95.860) on layer: M2
Net VSS: dangling Wire at (6.220, 93.700) (6.220, 93.700) on layer: M2
Net VSS: dangling Wire at (186.580, 93.700) (186.580, 93.700) on layer: M2
Net VSS: dangling Wire at (6.220, 91.540) (6.220, 91.540) on layer: M2
Net VSS: dangling Wire at (186.580, 91.540) (186.580, 91.540) on layer: M2
Net VSS: dangling Wire at (6.220, 89.380) (6.220, 89.380) on layer: M2
Net VSS: dangling Wire at (186.580, 89.380) (186.580, 89.380) on layer: M2
Net VSS: dangling Wire at (6.220, 87.220) (6.220, 87.220) on layer: M2
Net VSS: dangling Wire at (186.580, 87.220) (186.580, 87.220) on layer: M2
Net VSS: dangling Wire at (6.220, 85.060) (6.220, 85.060) on layer: M2
Net VSS: dangling Wire at (186.580, 85.060) (186.580, 85.060) on layer: M2
Net VSS: dangling Wire at (6.220, 82.900) (6.220, 82.900) on layer: M2
Net VSS: dangling Wire at (186.580, 82.900) (186.580, 82.900) on layer: M2
Net VSS: dangling Wire at (6.220, 80.740) (6.220, 80.740) on layer: M2
Net VSS: dangling Wire at (186.580, 80.740) (186.580, 80.740) on layer: M2
Net VSS: dangling Wire at (6.220, 78.580) (6.220, 78.580) on layer: M2
Net VSS: dangling Wire at (186.580, 78.580) (186.580, 78.580) on layer: M2
Net VSS: dangling Wire at (6.220, 76.420) (6.220, 76.420) on layer: M2
Net VSS: dangling Wire at (186.580, 76.420) (186.580, 76.420) on layer: M2
Net VSS: dangling Wire at (6.220, 74.260) (6.220, 74.260) on layer: M2
Net VSS: dangling Wire at (186.580, 74.260) (186.580, 74.260) on layer: M2
Net VSS: dangling Wire at (6.220, 72.100) (6.220, 72.100) on layer: M2
Net VSS: dangling Wire at (186.580, 72.100) (186.580, 72.100) on layer: M2
Net VSS: dangling Wire at (6.220, 69.940) (6.220, 69.940) on layer: M2
Net VSS: dangling Wire at (186.580, 69.940) (186.580, 69.940) on layer: M2
Net VSS: dangling Wire at (6.220, 67.780) (6.220, 67.780) on layer: M2
Net VSS: dangling Wire at (186.580, 67.780) (186.580, 67.780) on layer: M2
Net VSS: dangling Wire at (6.220, 65.620) (6.220, 65.620) on layer: M2
Net VSS: dangling Wire at (186.580, 65.620) (186.580, 65.620) on layer: M2
Net VSS: dangling Wire at (6.220, 63.460) (6.220, 63.460) on layer: M2
Net VSS: dangling Wire at (186.580, 63.460) (186.580, 63.460) on layer: M2
Net VSS: dangling Wire at (6.220, 61.300) (6.220, 61.300) on layer: M2
Net VSS: dangling Wire at (186.580, 61.300) (186.580, 61.300) on layer: M2
Net VSS: dangling Wire at (6.220, 59.140) (6.220, 59.140) on layer: M2
Net VSS: dangling Wire at (186.580, 59.140) (186.580, 59.140) on layer: M2
Net VSS: dangling Wire at (6.220, 56.980) (6.220, 56.980) on layer: M2
Net VSS: dangling Wire at (186.580, 56.980) (186.580, 56.980) on layer: M2
Net VSS: dangling Wire at (6.220, 54.820) (6.220, 54.820) on layer: M2
Net VSS: dangling Wire at (186.580, 54.820) (186.580, 54.820) on layer: M2
Net VSS: dangling Wire at (6.220, 52.660) (6.220, 52.660) on layer: M2
Net VSS: dangling Wire at (186.580, 52.660) (186.580, 52.660) on layer: M2
Net VSS: dangling Wire at (6.220, 50.500) (6.220, 50.500) on layer: M2
Net VSS: dangling Wire at (186.580, 50.500) (186.580, 50.500) on layer: M2
Net VSS: dangling Wire at (6.220, 48.340) (6.220, 48.340) on layer: M2
Net VSS: dangling Wire at (186.580, 48.340) (186.580, 48.340) on layer: M2
Net VSS: dangling Wire at (6.220, 46.180) (6.220, 46.180) on layer: M2
Net VSS: dangling Wire at (186.580, 46.180) (186.580, 46.180) on layer: M2
Net VSS: dangling Wire at (6.220, 44.020) (6.220, 44.020) on layer: M2
Net VSS: dangling Wire at (186.580, 44.020) (186.580, 44.020) on layer: M2
Net VSS: dangling Wire at (6.220, 41.860) (6.220, 41.860) on layer: M2
Net VSS: dangling Wire at (186.580, 41.860) (186.580, 41.860) on layer: M2
Net VSS: dangling Wire at (6.220, 39.700) (6.220, 39.700) on layer: M2
Net VSS: dangling Wire at (186.580, 39.700) (186.580, 39.700) on layer: M2
Net VSS: dangling Wire at (6.220, 37.540) (6.220, 37.540) on layer: M2
Net VSS: dangling Wire at (186.580, 37.540) (186.580, 37.540) on layer: M2
Net VSS: dangling Wire at (6.220, 35.380) (6.220, 35.380) on layer: M2
Net VSS: dangling Wire at (186.580, 35.380) (186.580, 35.380) on layer: M2
Net VSS: dangling Wire at (6.220, 33.220) (6.220, 33.220) on layer: M2
Net VSS: dangling Wire at (186.580, 33.220) (186.580, 33.220) on layer: M2
Net VSS: dangling Wire at (6.220, 31.060) (6.220, 31.060) on layer: M2
Net VSS: dangling Wire at (186.580, 31.060) (186.580, 31.060) on layer: M2
Net VSS: dangling Wire at (6.220, 28.900) (6.220, 28.900) on layer: M2
Net VSS: dangling Wire at (186.580, 28.900) (186.580, 28.900) on layer: M2
Net VSS: dangling Wire at (6.220, 26.740) (6.220, 26.740) on layer: M2
Net VSS: dangling Wire at (186.580, 26.740) (186.580, 26.740) on layer: M2
Net VSS: dangling Wire at (6.220, 24.580) (6.220, 24.580) on layer: M2
Net VSS: dangling Wire at (186.580, 24.580) (186.580, 24.580) on layer: M2
Net VSS: dangling Wire at (6.220, 22.420) (6.220, 22.420) on layer: M2
Net VSS: dangling Wire at (186.580, 22.420) (186.580, 22.420) on layer: M2
Net VSS: dangling Wire at (6.220, 20.260) (6.220, 20.260) on layer: M2
Net VSS: dangling Wire at (186.580, 20.260) (186.580, 20.260) on layer: M2
Net VSS: dangling Wire at (6.220, 18.100) (6.220, 18.100) on layer: M2
Net VSS: dangling Wire at (186.580, 18.100) (186.580, 18.100) on layer: M2
Net VSS: dangling Wire at (6.220, 15.940) (6.220, 15.940) on layer: M2
Net VSS: dangling Wire at (186.580, 15.940) (186.580, 15.940) on layer: M2
Net VSS: dangling Wire at (6.220, 13.780) (6.220, 13.780) on layer: M2
Net VSS: dangling Wire at (186.580, 13.780) (186.580, 13.780) on layer: M2
Net VSS: dangling Wire at (6.220, 11.620) (6.220, 11.620) on layer: M2
Net VSS: dangling Wire at (186.580, 11.620) (186.580, 11.620) on layer: M2
Net VSS: dangling Wire at (6.220, 9.460) (6.220, 9.460) on layer: M2
Net VSS: dangling Wire at (186.580, 9.460) (186.580, 9.460) on layer: M2
Net VSS: dangling Wire at (6.220, 7.300) (6.220, 7.300) on layer: M2
Net VSS: dangling Wire at (186.580, 7.300) (186.580, 7.300) on layer: M2

Begin Summary
    336 Problem(s) (IMPVFC-94): The net has dangling wire(s).
    336 total info(s) created.
End Summary
