**INFO: Starting Blocking QThread with 8 CPU
   ____________________________________________________________________
__/ message from Blocking QThread
Multi-CPU acceleration using 8 CPU(s).
*** QThread MetricCollect [begin] (IncrReplace #1 / place_opt_design #1) : mem = 0.2M
Multithreaded Timing Analysis is initialized with 8 threads

###############################################################
#  Generated by:      Cadence Innovus 23.14-s088_1
#  OS:                Linux x86_64(Host ID raindrop)
#  Generated on:      Mon Feb 16 00:22:26 2026
#  Design:            systolic_top_ARRAY_SIZE8
#  Command:           place_opt_design
###############################################################

REPORT ANALYSIS SUMMARY (View:view_tt) (EL:Setup)
=========================================================================================================================================================================================================

GroupType:*
=========================================================================================================================================================================================================

         All                             IN2REG                          IN2OUT                           REG2REG                              REG2OUT
    -----------------------------------------------------------------------------------------------------------------------------------------------------------------------------------------------------  
     WNS:TNS:#VIO                     WNS:TNS:#VIO                     WNS:TNS:#VIO                     WNS:TNS:#VIO                     WNS:TNS:#VIO                     FromClk->ToClk                   
    -----------------------------------------------------------------------------------------------------------------------------------------------------------------------------------------------------  
    -73.630:-491.850:30              0.000:0.000:0                    -2.700:-2.700:1                  -73.630:-489.150:29              0.000:0.000:0                    *->*
    -----------------------------------------------------------------------------------------------------------------------------------------------------------------------------------------------------
Ending "set_metric_timing_analysis_summary" (total cpu=0:00:00.3, real=0:00:00.0, peak res=3867.0M, current mem=2724.1M)
Ending "get_summary_setup_timing" (total cpu=0:00:00.4, real=0:00:00.0, peak res=3867.0M, current mem=2725.1M)
*** QThread MetricCollect [finish] (IncrReplace #1 / place_opt_design #1) : cpu/real = 0:00:00.5/0:00:00.5 (1.0), mem = 0.0M
_______________________________________________________________________
